{"src/backbone.picky.js":{"path":"src/backbone.picky.js","s":{"1":1,"2":1,"3":1,"4":24,"5":1,"6":41,"7":14,"8":27,"9":27,"10":27,"11":27,"12":41,"13":24,"14":17,"15":17,"16":5,"17":12,"18":12,"19":12,"20":1,"21":67,"22":67,"23":1,"24":128,"25":20,"26":108,"27":108,"28":108,"29":43,"30":8,"31":35,"32":35,"33":35,"34":18,"35":36,"36":18,"37":12,"38":0,"39":12,"40":24,"41":12,"42":9,"43":3,"44":6,"45":1,"46":172,"47":1,"48":260,"49":119,"50":141,"51":141,"52":141,"53":135,"54":92,"55":49,"56":43,"57":43,"58":43,"59":41,"60":0,"61":0,"62":0,"63":1,"64":173,"65":173,"66":173,"67":173,"68":69,"69":69,"70":104,"71":33,"72":33,"73":71,"74":71,"75":71,"76":1},"b":{"1":[14,27],"2":[41,41],"3":[24,17],"4":[17,6],"5":[5,12],"6":[20,108],"7":[8,35],"8":[0,12],"9":[3,6],"10":[119,141],"11":[135,6],"12":[49,43],"13":[41,2],"14":[0,0],"15":[69,104],"16":[33,71],"17":[71,0],"18":[71,71]},"f":{"1":1,"2":24,"3":41,"4":41,"5":67,"6":128,"7":43,"8":18,"9":36,"10":12,"11":24,"12":9,"13":172,"14":260,"15":92,"16":0,"17":173},"fnMap":{"1":{"name":"(anonymous_1)","line":1,"loc":{"start":{"line":1,"column":18},"end":{"line":1,"column":41}}},"2":{"name":"(anonymous_2)","line":11,"loc":{"start":{"line":11,"column":23},"end":{"line":11,"column":43}}},"3":{"name":"(anonymous_3)","line":19,"loc":{"start":{"line":19,"column":12},"end":{"line":19,"column":27}}},"4":{"name":"(anonymous_4)","line":31,"loc":{"start":{"line":31,"column":14},"end":{"line":31,"column":29}}},"5":{"name":"(anonymous_5)","line":50,"loc":{"start":{"line":50,"column":22},"end":{"line":50,"column":44}}},"6":{"name":"(anonymous_6)","line":60,"loc":{"start":{"line":60,"column":12},"end":{"line":60,"column":29}}},"7":{"name":"(anonymous_7)","line":71,"loc":{"start":{"line":71,"column":14},"end":{"line":71,"column":31}}},"8":{"name":"(anonymous_8)","line":80,"loc":{"start":{"line":80,"column":15},"end":{"line":80,"column":27}}},"9":{"name":"(anonymous_9)","line":81,"loc":{"start":{"line":81,"column":16},"end":{"line":81,"column":33}}},"10":{"name":"(anonymous_10)","line":86,"loc":{"start":{"line":86,"column":16},"end":{"line":86,"column":28}}},"11":{"name":"(anonymous_11)","line":88,"loc":{"start":{"line":88,"column":16},"end":{"line":88,"column":33}}},"12":{"name":"(anonymous_12)","line":95,"loc":{"start":{"line":95,"column":21},"end":{"line":95,"column":33}}},"13":{"name":"(anonymous_13)","line":109,"loc":{"start":{"line":109,"column":21},"end":{"line":109,"column":38}}},"14":{"name":"(anonymous_14)","line":117,"loc":{"start":{"line":117,"column":12},"end":{"line":117,"column":24}}},"15":{"name":"(anonymous_15)","line":130,"loc":{"start":{"line":130,"column":14},"end":{"line":130,"column":26}}},"16":{"name":"(anonymous_16)","line":143,"loc":{"start":{"line":143,"column":20},"end":{"line":143,"column":32}}},"17":{"name":"(anonymous_17)","line":158,"loc":{"start":{"line":158,"column":32},"end":{"line":158,"column":54}}}},"statementMap":{"1":{"start":{"line":1,"column":0},"end":{"line":181,"column":16}},"2":{"start":{"line":2,"column":2},"end":{"line":2,"column":17}},"3":{"start":{"line":11,"column":2},"end":{"line":13,"column":4}},"4":{"start":{"line":12,"column":4},"end":{"line":12,"column":33}},"5":{"start":{"line":15,"column":2},"end":{"line":42,"column":5}},"6":{"start":{"line":20,"column":6},"end":{"line":20,"column":55}},"7":{"start":{"line":20,"column":46},"end":{"line":20,"column":53}},"8":{"start":{"line":22,"column":6},"end":{"line":22,"column":22}},"9":{"start":{"line":24,"column":6},"end":{"line":24,"column":28}},"10":{"start":{"line":25,"column":6},"end":{"line":25,"column":29}},"11":{"start":{"line":26,"column":6},"end":{"line":26,"column":40}},"12":{"start":{"line":32,"column":6},"end":{"line":32,"column":36}},"13":{"start":{"line":32,"column":27},"end":{"line":32,"column":34}},"14":{"start":{"line":34,"column":6},"end":{"line":34,"column":37}},"15":{"start":{"line":35,"column":6},"end":{"line":35,"column":45}},"16":{"start":{"line":35,"column":36},"end":{"line":35,"column":43}},"17":{"start":{"line":37,"column":6},"end":{"line":37,"column":31}},"18":{"start":{"line":38,"column":6},"end":{"line":38,"column":50}},"19":{"start":{"line":39,"column":6},"end":{"line":39,"column":27}},"20":{"start":{"line":50,"column":2},"end":{"line":53,"column":4}},"21":{"start":{"line":51,"column":4},"end":{"line":51,"column":33}},"22":{"start":{"line":52,"column":4},"end":{"line":52,"column":23}},"23":{"start":{"line":55,"column":2},"end":{"line":102,"column":5}},"24":{"start":{"line":61,"column":6},"end":{"line":61,"column":47}},"25":{"start":{"line":61,"column":38},"end":{"line":61,"column":45}},"26":{"start":{"line":63,"column":6},"end":{"line":63,"column":39}},"27":{"start":{"line":64,"column":6},"end":{"line":64,"column":21}},"28":{"start":{"line":65,"column":6},"end":{"line":65,"column":36}},"29":{"start":{"line":72,"column":6},"end":{"line":72,"column":48}},"30":{"start":{"line":72,"column":39},"end":{"line":72,"column":46}},"31":{"start":{"line":74,"column":6},"end":{"line":74,"column":38}},"32":{"start":{"line":75,"column":6},"end":{"line":75,"column":23}},"33":{"start":{"line":76,"column":6},"end":{"line":76,"column":36}},"34":{"start":{"line":81,"column":6},"end":{"line":81,"column":54}},"35":{"start":{"line":81,"column":35},"end":{"line":81,"column":50}},"36":{"start":{"line":82,"column":6},"end":{"line":82,"column":36}},"37":{"start":{"line":87,"column":6},"end":{"line":87,"column":48}},"38":{"start":{"line":87,"column":39},"end":{"line":87,"column":46}},"39":{"start":{"line":88,"column":6},"end":{"line":88,"column":56}},"40":{"start":{"line":88,"column":35},"end":{"line":88,"column":52}},"41":{"start":{"line":89,"column":6},"end":{"line":89,"column":36}},"42":{"start":{"line":96,"column":6},"end":{"line":100,"column":7}},"43":{"start":{"line":97,"column":8},"end":{"line":97,"column":26}},"44":{"start":{"line":99,"column":8},"end":{"line":99,"column":25}},"45":{"start":{"line":109,"column":2},"end":{"line":111,"column":4}},"46":{"start":{"line":110,"column":4},"end":{"line":110,"column":23}},"47":{"start":{"line":113,"column":2},"end":{"line":150,"column":5}},"48":{"start":{"line":118,"column":6},"end":{"line":118,"column":36}},"49":{"start":{"line":118,"column":27},"end":{"line":118,"column":34}},"50":{"start":{"line":120,"column":6},"end":{"line":120,"column":27}},"51":{"start":{"line":121,"column":6},"end":{"line":121,"column":37}},"52":{"start":{"line":123,"column":6},"end":{"line":125,"column":7}},"53":{"start":{"line":124,"column":8},"end":{"line":124,"column":37}},"54":{"start":{"line":131,"column":6},"end":{"line":131,"column":37}},"55":{"start":{"line":131,"column":28},"end":{"line":131,"column":35}},"56":{"start":{"line":133,"column":6},"end":{"line":133,"column":28}},"57":{"start":{"line":134,"column":6},"end":{"line":134,"column":39}},"58":{"start":{"line":136,"column":6},"end":{"line":138,"column":7}},"59":{"start":{"line":137,"column":8},"end":{"line":137,"column":39}},"60":{"start":{"line":144,"column":6},"end":{"line":148,"column":7}},"61":{"start":{"line":145,"column":8},"end":{"line":145,"column":24}},"62":{"start":{"line":147,"column":8},"end":{"line":147,"column":22}},"63":{"start":{"line":158,"column":2},"end":{"line":178,"column":4}},"64":{"start":{"line":159,"column":4},"end":{"line":159,"column":60}},"65":{"start":{"line":161,"column":4},"end":{"line":161,"column":51}},"66":{"start":{"line":162,"column":4},"end":{"line":162,"column":35}},"67":{"start":{"line":164,"column":4},"end":{"line":167,"column":5}},"68":{"start":{"line":165,"column":6},"end":{"line":165,"column":51}},"69":{"start":{"line":166,"column":6},"end":{"line":166,"column":13}},"70":{"start":{"line":169,"column":4},"end":{"line":172,"column":5}},"71":{"start":{"line":170,"column":6},"end":{"line":170,"column":52}},"72":{"start":{"line":171,"column":6},"end":{"line":171,"column":13}},"73":{"start":{"line":174,"column":4},"end":{"line":177,"column":5}},"74":{"start":{"line":175,"column":6},"end":{"line":175,"column":52}},"75":{"start":{"line":176,"column":6},"end":{"line":176,"column":13}},"76":{"start":{"line":180,"column":2},"end":{"line":180,"column":15}}},"branchMap":{"1":{"line":20,"type":"if","locations":[{"start":{"line":20,"column":6},"end":{"line":20,"column":6}},{"start":{"line":20,"column":6},"end":{"line":20,"column":6}}]},"2":{"line":20,"type":"binary-expr","locations":[{"start":{"line":20,"column":10},"end":{"line":20,"column":15}},{"start":{"line":20,"column":19},"end":{"line":20,"column":42}}]},"3":{"line":32,"type":"if","locations":[{"start":{"line":32,"column":6},"end":{"line":32,"column":6}},{"start":{"line":32,"column":6},"end":{"line":32,"column":6}}]},"4":{"line":34,"type":"binary-expr","locations":[{"start":{"line":34,"column":14},"end":{"line":34,"column":19}},{"start":{"line":34,"column":23},"end":{"line":34,"column":36}}]},"5":{"line":35,"type":"if","locations":[{"start":{"line":35,"column":6},"end":{"line":35,"column":6}},{"start":{"line":35,"column":6},"end":{"line":35,"column":6}}]},"6":{"line":61,"type":"if","locations":[{"start":{"line":61,"column":6},"end":{"line":61,"column":6}},{"start":{"line":61,"column":6},"end":{"line":61,"column":6}}]},"7":{"line":72,"type":"if","locations":[{"start":{"line":72,"column":6},"end":{"line":72,"column":6}},{"start":{"line":72,"column":6},"end":{"line":72,"column":6}}]},"8":{"line":87,"type":"if","locations":[{"start":{"line":87,"column":6},"end":{"line":87,"column":6}},{"start":{"line":87,"column":6},"end":{"line":87,"column":6}}]},"9":{"line":96,"type":"if","locations":[{"start":{"line":96,"column":6},"end":{"line":96,"column":6}},{"start":{"line":96,"column":6},"end":{"line":96,"column":6}}]},"10":{"line":118,"type":"if","locations":[{"start":{"line":118,"column":6},"end":{"line":118,"column":6}},{"start":{"line":118,"column":6},"end":{"line":118,"column":6}}]},"11":{"line":123,"type":"if","locations":[{"start":{"line":123,"column":6},"end":{"line":123,"column":6}},{"start":{"line":123,"column":6},"end":{"line":123,"column":6}}]},"12":{"line":131,"type":"if","locations":[{"start":{"line":131,"column":6},"end":{"line":131,"column":6}},{"start":{"line":131,"column":6},"end":{"line":131,"column":6}}]},"13":{"line":136,"type":"if","locations":[{"start":{"line":136,"column":6},"end":{"line":136,"column":6}},{"start":{"line":136,"column":6},"end":{"line":136,"column":6}}]},"14":{"line":144,"type":"if","locations":[{"start":{"line":144,"column":6},"end":{"line":144,"column":6}},{"start":{"line":144,"column":6},"end":{"line":144,"column":6}}]},"15":{"line":164,"type":"if","locations":[{"start":{"line":164,"column":4},"end":{"line":164,"column":4}},{"start":{"line":164,"column":4},"end":{"line":164,"column":4}}]},"16":{"line":169,"type":"if","locations":[{"start":{"line":169,"column":4},"end":{"line":169,"column":4}},{"start":{"line":169,"column":4},"end":{"line":169,"column":4}}]},"17":{"line":174,"type":"if","locations":[{"start":{"line":174,"column":4},"end":{"line":174,"column":4}},{"start":{"line":174,"column":4},"end":{"line":174,"column":4}}]},"18":{"line":174,"type":"binary-expr","locations":[{"start":{"line":174,"column":8},"end":{"line":174,"column":26}},{"start":{"line":174,"column":30},"end":{"line":174,"column":53}}]}}}}